# JRE version: Java(TM) SE Runtime Environment (8.0_251-b08) (build 1.8.0_251-b08)
# Java VM: Java HotSpot(TM) 64-Bit Server VM (25.251-b08 mixed mode windows-amd64 compressed oops)
Heap:
 PSYoungGen      total 73216K, used 12257K [0x00000000eaf00000, 0x00000000efe00000, 0x0000000100000000)
  eden space 65536K, 12% used [0x00000000eaf00000,0x00000000eb6bb750,0x00000000eef00000)
  from space 7680K, 56% used [0x00000000ef680000,0x00000000efabd038,0x00000000efe00000)
  to   space 7680K, 0% used [0x00000000eef00000,0x00000000eef00000,0x00000000ef680000)
 ParOldGen       total 44032K, used 6491K [0x00000000c0c00000, 0x00000000c3700000, 0x00000000eaf00000)
  object space 44032K, 14% used [0x00000000c0c00000,0x00000000c1256df0,0x00000000c3700000)
 Metaspace       used 17558K, capacity 17988K, committed 18176K, reserved 1064960K
  class space    used 2154K, capacity 2265K, committed 2304K, reserved 1048576K
GC Heap History (10 events):
Event: 1.752 GC heap before
{Heap before GC invocations=5 (full 0):
 PSYoungGen      total 35328K, used 35316K [0x00000000eaf00000, 0x00000000ed400000, 0x0000000100000000)
  eden space 32768K, 100% used [0x00000000eaf00000,0x00000000ecf00000,0x00000000ecf00000)
  from space 2560K, 99% used [0x00000000ed180000,0x00000000ed3fd020,0x00000000ed400000)
  to   space 2560K, 0% used [0x00000000ecf00000,0x00000000ecf00000,0x00000000ed180000)
 ParOldGen       total 44032K, used 5834K [0x00000000c0c00000, 0x00000000c3700000, 0x00000000eaf00000)
  object space 44032K, 13% used [0x00000000c0c00000,0x00000000c11b2a68,0x00000000c3700000)
 Metaspace       used 14885K, capacity 15210K, committed 15488K, reserved 1062912K
  class space    used 1835K, capacity 1918K, committed 1920K, reserved 1048576K
Event: 1.763 GC heap after
Heap after GC invocations=5 (full 0):
 PSYoungGen      total 35328K, used 2528K [0x00000000eaf00000, 0x00000000ed400000, 0x0000000100000000)
  eden space 32768K, 0% used [0x00000000eaf00000,0x00000000eaf00000,0x00000000ecf00000)
  from space 2560K, 98% used [0x00000000ecf00000,0x00000000ed178020,0x00000000ed180000)
  to   space 2560K, 0% used [0x00000000ed180000,0x00000000ed180000,0x00000000ed400000)
 ParOldGen       total 44032K, used 10027K [0x00000000c0c00000, 0x00000000c3700000, 0x00000000eaf00000)
  object space 44032K, 22% used [0x00000000c0c00000,0x00000000c15cad98,0x00000000c3700000)
 Metaspace       used 14885K, capacity 15210K, committed 15488K, reserved 1062912K
  class space    used 1835K, capacity 1918K, committed 1920K, reserved 1048576K
}
Event: 2.267 GC heap before
{Heap before GC invocations=6 (full 0):
 PSYoungGen      total 35328K, used 12389K [0x00000000eaf00000, 0x00000000ed400000, 0x0000000100000000)
  eden space 32768K, 30% used [0x00000000eaf00000,0x00000000eb8a16f0,0x00000000ecf00000)
  from space 2560K, 98% used [0x00000000ecf00000,0x00000000ed178020,0x00000000ed180000)
  to   space 2560K, 0% used [0x00000000ed180000,0x00000000ed180000,0x00000000ed400000)
 ParOldGen       total 44032K, used 10027K [0x00000000c0c00000, 0x00000000c3700000, 0x00000000eaf00000)
  object space 44032K, 22% used [0x00000000c0c00000,0x00000000c15cad98,0x00000000c3700000)
 Metaspace       used 15410K, capacity 15816K, committed 16128K, reserved 1062912K
  class space    used 1906K, capacity 1991K, committed 2048K, reserved 1048576K
Event: 2.273 GC heap after
Heap after GC invocations=6 (full 0):
 PSYoungGen      total 35328K, used 2544K [0x00000000eaf00000, 0x00000000ed400000, 0x0000000100000000)
  eden space 32768K, 0% used [0x00000000eaf00000,0x00000000eaf00000,0x00000000ecf00000)
  from space 2560K, 99% used [0x00000000ed180000,0x00000000ed3fc010,0x00000000ed400000)
  to   space 2560K, 0% used [0x00000000ecf00000,0x00000000ecf00000,0x00000000ed180000)
 ParOldGen       total 44032K, used 10850K [0x00000000c0c00000, 0x00000000c3700000, 0x00000000eaf00000)
  object space 44032K, 24% used [0x00000000c0c00000,0x00000000c1698a28,0x00000000c3700000)
 Metaspace       used 15410K, capacity 15816K, committed 16128K, reserved 1062912K
  class space    used 1906K, capacity 1991K, committed 2048K, reserved 1048576K
}
Event: 2.274 GC heap before
{Heap before GC invocations=7 (full 1):
 PSYoungGen      total 35328K, used 2544K [0x00000000eaf00000, 0x00000000ed400000, 0x0000000100000000)
  eden space 32768K, 0% used [0x00000000eaf00000,0x00000000eaf00000,0x00000000ecf00000)
  from space 2560K, 99% used [0x00000000ed180000,0x00000000ed3fc010,0x00000000ed400000)
  to   space 2560K, 0% used [0x00000000ecf00000,0x00000000ecf00000,0x00000000ed180000)
 ParOldGen       total 44032K, used 10850K [0x00000000c0c00000, 0x00000000c3700000, 0x00000000eaf00000)
  object space 44032K, 24% used [0x00000000c0c00000,0x00000000c1698a28,0x00000000c3700000)
 Metaspace       used 15410K, capacity 15816K, committed 16128K, reserved 1062912K
  class space    used 1906K, capacity 1991K, committed 2048K, reserved 1048576K
Event: 2.306 GC heap after
Heap after GC invocations=7 (full 1):
 PSYoungGen      total 35328K, used 0K [0x00000000eaf00000, 0x00000000ed400000, 0x0000000100000000)
  eden space 32768K, 0% used [0x00000000eaf00000,0x00000000eaf00000,0x00000000ecf00000)
  from space 2560K, 0% used [0x00000000ed180000,0x00000000ed180000,0x00000000ed400000)
  to   space 2560K, 0% used [0x00000000ecf00000,0x00000000ecf00000,0x00000000ed180000)
 ParOldGen       total 44032K, used 6475K [0x00000000c0c00000, 0x00000000c3700000, 0x00000000eaf00000)
  object space 44032K, 14% used [0x00000000c0c00000,0x00000000c1252df0,0x00000000c3700000)
 Metaspace       used 15410K, capacity 15816K, committed 16128K, reserved 1062912K
  class space    used 1906K, capacity 1991K, committed 2048K, reserved 1048576K
}
Event: 3.589 GC heap before
{Heap before GC invocations=8 (full 1):
 PSYoungGen      total 35328K, used 32768K [0x00000000eaf00000, 0x00000000ed400000, 0x0000000100000000)
  eden space 32768K, 100% used [0x00000000eaf00000,0x00000000ecf00000,0x00000000ecf00000)
  from space 2560K, 0% used [0x00000000ed180000,0x00000000ed180000,0x00000000ed400000)
  to   space 2560K, 0% used [0x00000000ecf00000,0x00000000ecf00000,0x00000000ed180000)
 ParOldGen       total 44032K, used 6475K [0x00000000c0c00000, 0x00000000c3700000, 0x00000000eaf00000)
  object space 44032K, 14% used [0x00000000c0c00000,0x00000000c1252df0,0x00000000c3700000)
 Metaspace       used 15722K, capacity 16136K, committed 16384K, reserved 1062912K
  class space    used 1910K, capacity 1991K, committed 2048K, reserved 1048576K
Event: 3.591 GC heap after
Heap after GC invocations=8 (full 1):
 PSYoungGen      total 35328K, used 1920K [0x00000000eaf00000, 0x00000000efe00000, 0x0000000100000000)
  eden space 32768K, 0% used [0x00000000eaf00000,0x00000000eaf00000,0x00000000ecf00000)
  from space 2560K, 75% used [0x00000000ecf00000,0x00000000ed0e0000,0x00000000ed180000)
  to   space 7680K, 0% used [0x00000000ef680000,0x00000000ef680000,0x00000000efe00000)
 ParOldGen       total 44032K, used 6483K [0x00000000c0c00000, 0x00000000c3700000, 0x00000000eaf00000)
  object space 44032K, 14% used [0x00000000c0c00000,0x00000000c1254df0,0x00000000c3700000)
 Metaspace       used 15722K, capacity 16136K, committed 16384K, reserved 1062912K
  class space    used 1910K, capacity 1991K, committed 2048K, reserved 1048576K
}
Event: 4.099 GC heap before
{Heap before GC invocations=9 (full 1):
 PSYoungGen      total 35328K, used 34688K [0x00000000eaf00000, 0x00000000efe00000, 0x0000000100000000)
  eden space 32768K, 100% used [0x00000000eaf00000,0x00000000ecf00000,0x00000000ecf00000)
  from space 2560K, 75% used [0x00000000ecf00000,0x00000000ed0e0000,0x00000000ed180000)
  to   space 7680K, 0% used [0x00000000ef680000,0x00000000ef680000,0x00000000efe00000)
 ParOldGen       total 44032K, used 6483K [0x00000000c0c00000, 0x00000000c3700000, 0x00000000eaf00000)
  object space 44032K, 14% used [0x00000000c0c00000,0x00000000c1254df0,0x00000000c3700000)
 Metaspace       used 16683K, capacity 17208K, committed 17408K, reserved 1064960K
  class space    used 2038K, capacity 2201K, committed 2304K, reserved 1048576K
Event: 4.105 GC heap after
Heap after GC invocations=9 (full 1):
 PSYoungGen      total 73216K, used 4340K [0x00000000eaf00000, 0x00000000efe00000, 0x0000000100000000)
  eden space 65536K, 0% used [0x00000000eaf00000,0x00000000eaf00000,0x00000000eef00000)
  from space 7680K, 56% used [0x00000000ef680000,0x00000000efabd038,0x00000000efe00000)
  to   space 7680K, 0% used [0x00000000eef00000,0x00000000eef00000,0x00000000ef680000)
 ParOldGen       total 44032K, used 6491K [0x00000000c0c00000, 0x00000000c3700000, 0x00000000eaf00000)
  object space 44032K, 14% used [0x00000000c0c00000,0x00000000c1256df0,0x00000000c3700000)
 Metaspace       used 16683K, capacity 17208K, committed 17408K, reserved 1064960K
  class space    used 2038K, capacity 2201K, committed 2304K, reserved 1048576K
}

